This is pdfTeX, Version 3.14159265-2.6-1.40.20 (MiKTeX 2.9.7000 64-bit) (preloaded format=pdflatex 2019.3.25)  25 MAR 2019 10:49
entering extended mode
**./simple-factsheet.tex
(simple-factsheet.tex
LaTeX2e <2018-12-01>

("C:\Users\mcoronadogarcia\AppData\Local\Programs\MiKTeX 2.9\tex/latex/base\art
icle.cls"
Document Class: article 2018/09/03 v1.4i Standard LaTeX document class

("C:\Users\mcoronadogarcia\AppData\Local\Programs\MiKTeX 2.9\tex/latex/base\siz
e11.clo"
File: size11.clo 2018/09/03 v1.4i Standard LaTeX file (size option)
)
\c@part=\count80
\c@section=\count81
\c@subsection=\count82
\c@subsubsection=\count83
\c@paragraph=\count84
\c@subparagraph=\count85
\c@figure=\count86
\c@table=\count87
\abovecaptionskip=\skip41
\belowcaptionskip=\skip42
\bibindent=\dimen102
)
("C:\Users\mcoronadogarcia\AppData\Local\Programs\MiKTeX 2.9\tex/latex/lm\lmode
rn.sty"
Package: lmodern 2009/10/30 v1.6 Latin Modern Fonts
LaTeX Font Info:    Overwriting symbol font `operators' in version `normal'
(Font)                  OT1/cmr/m/n --> OT1/lmr/m/n on input line 22.
LaTeX Font Info:    Overwriting symbol font `letters' in version `normal'
(Font)                  OML/cmm/m/it --> OML/lmm/m/it on input line 23.
LaTeX Font Info:    Overwriting symbol font `symbols' in version `normal'
(Font)                  OMS/cmsy/m/n --> OMS/lmsy/m/n on input line 24.
LaTeX Font Info:    Overwriting symbol font `largesymbols' in version `normal'
(Font)                  OMX/cmex/m/n --> OMX/lmex/m/n on input line 25.
LaTeX Font Info:    Overwriting symbol font `operators' in version `bold'
(Font)                  OT1/cmr/bx/n --> OT1/lmr/bx/n on input line 26.
LaTeX Font Info:    Overwriting symbol font `letters' in version `bold'
(Font)                  OML/cmm/b/it --> OML/lmm/b/it on input line 27.
LaTeX Font Info:    Overwriting symbol font `symbols' in version `bold'
(Font)                  OMS/cmsy/b/n --> OMS/lmsy/b/n on input line 28.
LaTeX Font Info:    Overwriting symbol font `largesymbols' in version `bold'
(Font)                  OMX/cmex/m/n --> OMX/lmex/m/n on input line 29.
LaTeX Font Info:    Overwriting math alphabet `\mathbf' in version `normal'
(Font)                  OT1/cmr/bx/n --> OT1/lmr/bx/n on input line 31.
LaTeX Font Info:    Overwriting math alphabet `\mathsf' in version `normal'
(Font)                  OT1/cmss/m/n --> OT1/lmss/m/n on input line 32.
LaTeX Font Info:    Overwriting math alphabet `\mathit' in version `normal'
(Font)                  OT1/cmr/m/it --> OT1/lmr/m/it on input line 33.
LaTeX Font Info:    Overwriting math alphabet `\mathtt' in version `normal'
(Font)                  OT1/cmtt/m/n --> OT1/lmtt/m/n on input line 34.
LaTeX Font Info:    Overwriting math alphabet `\mathbf' in version `bold'
(Font)                  OT1/cmr/bx/n --> OT1/lmr/bx/n on input line 35.
LaTeX Font Info:    Overwriting math alphabet `\mathsf' in version `bold'
(Font)                  OT1/cmss/bx/n --> OT1/lmss/bx/n on input line 36.
LaTeX Font Info:    Overwriting math alphabet `\mathit' in version `bold'
(Font)                  OT1/cmr/bx/it --> OT1/lmr/bx/it on input line 37.
LaTeX Font Info:    Overwriting math alphabet `\mathtt' in version `bold'
(Font)                  OT1/cmtt/m/n --> OT1/lmtt/m/n on input line 38.
)
("C:\Users\mcoronadogarcia\AppData\Local\Programs\MiKTeX 2.9\tex/latex/amsfonts
\amssymb.sty"
Package: amssymb 2013/01/14 v3.01 AMS font symbols

("C:\Users\mcoronadogarcia\AppData\Local\Programs\MiKTeX 2.9\tex/latex/amsfonts
\amsfonts.sty"
Package: amsfonts 2013/01/14 v3.01 Basic AMSFonts support
\@emptytoks=\toks14
\symAMSa=\mathgroup4
\symAMSb=\mathgroup5
LaTeX Font Info:    Overwriting math alphabet `\mathfrak' in version `bold'
(Font)                  U/euf/m/n --> U/euf/b/n on input line 106.
))
("C:\Users\mcoronadogarcia\AppData\Local\Programs\MiKTeX 2.9\tex/latex/amsmath\
amsmath.sty"
Package: amsmath 2018/12/01 v2.17b AMS math features
\@mathmargin=\skip43
For additional information on amsmath, use the `?' option.

("C:\Users\mcoronadogarcia\AppData\Local\Programs\MiKTeX 2.9\tex/latex/amsmath\
amstext.sty"
Package: amstext 2000/06/29 v2.01 AMS text

("C:\Users\mcoronadogarcia\AppData\Local\Programs\MiKTeX 2.9\tex/latex/amsmath\
amsgen.sty"
File: amsgen.sty 1999/11/30 v2.0 generic functions
\@emptytoks=\toks15
\ex@=\dimen103
))
("C:\Users\mcoronadogarcia\AppData\Local\Programs\MiKTeX 2.9\tex/latex/amsmath\
amsbsy.sty"
Package: amsbsy 1999/11/29 v1.2d Bold Symbols
\pmbraise@=\dimen104
)
("C:\Users\mcoronadogarcia\AppData\Local\Programs\MiKTeX 2.9\tex/latex/amsmath\
amsopn.sty"
Package: amsopn 2016/03/08 v2.02 operator names
)
\inf@bad=\count88
LaTeX Info: Redefining \frac on input line 223.
\uproot@=\count89
\leftroot@=\count90
LaTeX Info: Redefining \overline on input line 385.
\classnum@=\count91
\DOTSCASE@=\count92
LaTeX Info: Redefining \ldots on input line 482.
LaTeX Info: Redefining \dots on input line 485.
LaTeX Info: Redefining \cdots on input line 606.
\Mathstrutbox@=\box27
\strutbox@=\box28
\big@size=\dimen105
LaTeX Font Info:    Redeclaring font encoding OML on input line 729.
LaTeX Font Info:    Redeclaring font encoding OMS on input line 730.
\macc@depth=\count93
\c@MaxMatrixCols=\count94
\dotsspace@=\muskip10
\c@parentequation=\count95
\dspbrk@lvl=\count96
\tag@help=\toks16
\row@=\count97
\column@=\count98
\maxfields@=\count99
\andhelp@=\toks17
\eqnshift@=\dimen106
\alignsep@=\dimen107
\tagshift@=\dimen108
\tagwidth@=\dimen109
\totwidth@=\dimen110
\lineht@=\dimen111
\@envbody=\toks18
\multlinegap=\skip44
\multlinetaggap=\skip45
\mathdisplay@stack=\toks19
LaTeX Info: Redefining \[ on input line 2844.
LaTeX Info: Redefining \] on input line 2845.
)
("C:\Users\mcoronadogarcia\AppData\Local\Programs\MiKTeX 2.9\tex/generic/ifxete
x\ifxetex.sty"
Package: ifxetex 2010/09/12 v0.6 Provides ifxetex conditional
)
("C:\Users\mcoronadogarcia\AppData\Local\Programs\MiKTeX 2.9\tex/generic/oberdi
ek\ifluatex.sty"
Package: ifluatex 2016/05/16 v1.4 Provides the ifluatex switch (HO)
Package ifluatex Info: LuaTeX not detected.
)
("C:\Users\mcoronadogarcia\AppData\Local\Programs\MiKTeX 2.9\tex/latex/base\fix
ltx2e.sty"
Package: fixltx2e 2016/12/29 v2.1a fixes to LaTeX (obsolete)
Applying: [2015/01/01] Old fixltx2e package on input line 46.

Package fixltx2e Warning: fixltx2e is not required with releases after 2015
(fixltx2e)                All fixes are now in the LaTeX kernel.
(fixltx2e)                See the latexrelease package for details.

Already applied: [0000/00/00] Old fixltx2e package on input line 53.
)
("C:\Users\mcoronadogarcia\AppData\Local\Programs\MiKTeX 2.9\tex/latex/base\fon
tenc.sty"
Package: fontenc 2018/08/11 v2.0j Standard LaTeX package

("C:\Users\mcoronadogarcia\AppData\Local\Programs\MiKTeX 2.9\tex/latex/base\t1e
nc.def"
File: t1enc.def 2018/08/11 v2.0j Standard LaTeX file
LaTeX Font Info:    Redeclaring font encoding T1 on input line 48.
))
("C:\Users\mcoronadogarcia\AppData\Local\Programs\MiKTeX 2.9\tex/latex/base\inp
utenc.sty"
Package: inputenc 2018/08/11 v1.3c Input encoding file
\inpenc@prehook=\toks20
\inpenc@posthook=\toks21
)
("C:\Users\mcoronadogarcia\AppData\Local\Programs\MiKTeX 2.9\tex/latex/upquote\
upquote.sty"
Package: upquote 2012/04/19 v1.3 upright-quote and grave-accent glyphs in verba
tim

("C:\Users\mcoronadogarcia\AppData\Local\Programs\MiKTeX 2.9\tex/latex/base\tex
tcomp.sty"
Package: textcomp 2018/08/11 v2.0j Standard LaTeX package
Package textcomp Info: Sub-encoding information:
(textcomp)               5 = only ISO-Adobe without \textcurrency
(textcomp)               4 = 5 + \texteuro
(textcomp)               3 = 4 + \textohm
(textcomp)               2 = 3 + \textestimated + \textcurrency
(textcomp)               1 = TS1 - \textcircled - \t
(textcomp)               0 = TS1 (full)
(textcomp)             Font families with sub-encoding setting implement
(textcomp)             only a restricted character set as indicated.
(textcomp)             Family '?' is the default used for unknown fonts.
(textcomp)             See the documentation for details.
Package textcomp Info: Setting ? sub-encoding to TS1/1 on input line 79.

("C:\Users\mcoronadogarcia\AppData\Local\Programs\MiKTeX 2.9\tex/latex/base\ts1
enc.def"
File: ts1enc.def 2001/06/05 v3.0e (jk/car/fm) Standard LaTeX file
Now handling font encoding TS1 ...
... processing UTF-8 mapping file for font encoding TS1

("C:\Users\mcoronadogarcia\AppData\Local\Programs\MiKTeX 2.9\tex/latex/base\ts1
enc.dfu"
File: ts1enc.dfu 2018/10/05 v1.2f UTF-8 support for inputenc
   defining Unicode char U+00A2 (decimal 162)
   defining Unicode char U+00A3 (decimal 163)
   defining Unicode char U+00A4 (decimal 164)
   defining Unicode char U+00A5 (decimal 165)
   defining Unicode char U+00A6 (decimal 166)
   defining Unicode char U+00A7 (decimal 167)
   defining Unicode char U+00A8 (decimal 168)
   defining Unicode char U+00A9 (decimal 169)
   defining Unicode char U+00AA (decimal 170)
   defining Unicode char U+00AC (decimal 172)
   defining Unicode char U+00AE (decimal 174)
   defining Unicode char U+00AF (decimal 175)
   defining Unicode char U+00B0 (decimal 176)
   defining Unicode char U+00B1 (decimal 177)
   defining Unicode char U+00B2 (decimal 178)
   defining Unicode char U+00B3 (decimal 179)
   defining Unicode char U+00B4 (decimal 180)
   defining Unicode char U+00B5 (decimal 181)
   defining Unicode char U+00B6 (decimal 182)
   defining Unicode char U+00B7 (decimal 183)
   defining Unicode char U+00B9 (decimal 185)
   defining Unicode char U+00BA (decimal 186)
   defining Unicode char U+00BC (decimal 188)
   defining Unicode char U+00BD (decimal 189)
   defining Unicode char U+00BE (decimal 190)
   defining Unicode char U+00D7 (decimal 215)
   defining Unicode char U+00F7 (decimal 247)
   defining Unicode char U+0192 (decimal 402)
   defining Unicode char U+02C7 (decimal 711)
   defining Unicode char U+02D8 (decimal 728)
   defining Unicode char U+02DD (decimal 733)
   defining Unicode char U+0E3F (decimal 3647)
   defining Unicode char U+2016 (decimal 8214)
   defining Unicode char U+2020 (decimal 8224)
   defining Unicode char U+2021 (decimal 8225)
   defining Unicode char U+2022 (decimal 8226)
   defining Unicode char U+2030 (decimal 8240)
   defining Unicode char U+2031 (decimal 8241)
   defining Unicode char U+203B (decimal 8251)
   defining Unicode char U+203D (decimal 8253)
   defining Unicode char U+2044 (decimal 8260)
   defining Unicode char U+204E (decimal 8270)
   defining Unicode char U+2052 (decimal 8274)
   defining Unicode char U+20A1 (decimal 8353)
   defining Unicode char U+20A4 (decimal 8356)
   defining Unicode char U+20A6 (decimal 8358)
   defining Unicode char U+20A9 (decimal 8361)
   defining Unicode char U+20AB (decimal 8363)
   defining Unicode char U+20AC (decimal 8364)
   defining Unicode char U+20B1 (decimal 8369)
   defining Unicode char U+2103 (decimal 8451)
   defining Unicode char U+2116 (decimal 8470)
   defining Unicode char U+2117 (decimal 8471)
   defining Unicode char U+211E (decimal 8478)
   defining Unicode char U+2120 (decimal 8480)
   defining Unicode char U+2122 (decimal 8482)
   defining Unicode char U+2126 (decimal 8486)
   defining Unicode char U+2127 (decimal 8487)
   defining Unicode char U+212E (decimal 8494)
   defining Unicode char U+2190 (decimal 8592)
   defining Unicode char U+2191 (decimal 8593)
   defining Unicode char U+2192 (decimal 8594)
   defining Unicode char U+2193 (decimal 8595)
   defining Unicode char U+2329 (decimal 9001)
   defining Unicode char U+232A (decimal 9002)
   defining Unicode char U+2422 (decimal 9250)
   defining Unicode char U+25E6 (decimal 9702)
   defining Unicode char U+25EF (decimal 9711)
   defining Unicode char U+266A (decimal 9834)
   defining Unicode char U+FEFF (decimal 65279)
))
LaTeX Info: Redefining \oldstylenums on input line 334.
Package textcomp Info: Setting cmr sub-encoding to TS1/0 on input line 349.
Package textcomp Info: Setting cmss sub-encoding to TS1/0 on input line 350.
Package textcomp Info: Setting cmtt sub-encoding to TS1/0 on input line 351.
Package textcomp Info: Setting cmvtt sub-encoding to TS1/0 on input line 352.
Package textcomp Info: Setting cmbr sub-encoding to TS1/0 on input line 353.
Package textcomp Info: Setting cmtl sub-encoding to TS1/0 on input line 354.
Package textcomp Info: Setting ccr sub-encoding to TS1/0 on input line 355.
Package textcomp Info: Setting ptm sub-encoding to TS1/4 on input line 356.
Package textcomp Info: Setting pcr sub-encoding to TS1/4 on input line 357.
Package textcomp Info: Setting phv sub-encoding to TS1/4 on input line 358.
Package textcomp Info: Setting ppl sub-encoding to TS1/3 on input line 359.
Package textcomp Info: Setting pag sub-encoding to TS1/4 on input line 360.
Package textcomp Info: Setting pbk sub-encoding to TS1/4 on input line 361.
Package textcomp Info: Setting pnc sub-encoding to TS1/4 on input line 362.
Package textcomp Info: Setting pzc sub-encoding to TS1/4 on input line 363.
Package textcomp Info: Setting bch sub-encoding to TS1/4 on input line 364.
Package textcomp Info: Setting put sub-encoding to TS1/5 on input line 365.
Package textcomp Info: Setting uag sub-encoding to TS1/5 on input line 366.
Package textcomp Info: Setting ugq sub-encoding to TS1/5 on input line 367.
Package textcomp Info: Setting ul8 sub-encoding to TS1/4 on input line 368.
Package textcomp Info: Setting ul9 sub-encoding to TS1/4 on input line 369.
Package textcomp Info: Setting augie sub-encoding to TS1/5 on input line 370.
Package textcomp Info: Setting dayrom sub-encoding to TS1/3 on input line 371.
Package textcomp Info: Setting dayroms sub-encoding to TS1/3 on input line 372.

Package textcomp Info: Setting pxr sub-encoding to TS1/0 on input line 373.
Package textcomp Info: Setting pxss sub-encoding to TS1/0 on input line 374.
Package textcomp Info: Setting pxtt sub-encoding to TS1/0 on input line 375.
Package textcomp Info: Setting txr sub-encoding to TS1/0 on input line 376.
Package textcomp Info: Setting txss sub-encoding to TS1/0 on input line 377.
Package textcomp Info: Setting txtt sub-encoding to TS1/0 on input line 378.
Package textcomp Info: Setting lmr sub-encoding to TS1/0 on input line 379.
Package textcomp Info: Setting lmdh sub-encoding to TS1/0 on input line 380.
Package textcomp Info: Setting lmss sub-encoding to TS1/0 on input line 381.
Package textcomp Info: Setting lmssq sub-encoding to TS1/0 on input line 382.
Package textcomp Info: Setting lmvtt sub-encoding to TS1/0 on input line 383.
Package textcomp Info: Setting lmtt sub-encoding to TS1/0 on input line 384.
Package textcomp Info: Setting qhv sub-encoding to TS1/0 on input line 385.
Package textcomp Info: Setting qag sub-encoding to TS1/0 on input line 386.
Package textcomp Info: Setting qbk sub-encoding to TS1/0 on input line 387.
Package textcomp Info: Setting qcr sub-encoding to TS1/0 on input line 388.
Package textcomp Info: Setting qcs sub-encoding to TS1/0 on input line 389.
Package textcomp Info: Setting qpl sub-encoding to TS1/0 on input line 390.
Package textcomp Info: Setting qtm sub-encoding to TS1/0 on input line 391.
Package textcomp Info: Setting qzc sub-encoding to TS1/0 on input line 392.
Package textcomp Info: Setting qhvc sub-encoding to TS1/0 on input line 393.
Package textcomp Info: Setting futs sub-encoding to TS1/4 on input line 394.
Package textcomp Info: Setting futx sub-encoding to TS1/4 on input line 395.
Package textcomp Info: Setting futj sub-encoding to TS1/4 on input line 396.
Package textcomp Info: Setting hlh sub-encoding to TS1/3 on input line 397.
Package textcomp Info: Setting hls sub-encoding to TS1/3 on input line 398.
Package textcomp Info: Setting hlst sub-encoding to TS1/3 on input line 399.
Package textcomp Info: Setting hlct sub-encoding to TS1/5 on input line 400.
Package textcomp Info: Setting hlx sub-encoding to TS1/5 on input line 401.
Package textcomp Info: Setting hlce sub-encoding to TS1/5 on input line 402.
Package textcomp Info: Setting hlcn sub-encoding to TS1/5 on input line 403.
Package textcomp Info: Setting hlcw sub-encoding to TS1/5 on input line 404.
Package textcomp Info: Setting hlcf sub-encoding to TS1/5 on input line 405.
Package textcomp Info: Setting pplx sub-encoding to TS1/3 on input line 406.
Package textcomp Info: Setting pplj sub-encoding to TS1/3 on input line 407.
Package textcomp Info: Setting ptmx sub-encoding to TS1/4 on input line 408.
Package textcomp Info: Setting ptmj sub-encoding to TS1/4 on input line 409.
))
("C:\Users\mcoronadogarcia\AppData\Local\Programs\MiKTeX 2.9\tex/latex/microtyp
e\microtype.sty"
Package: microtype 2019/02/28 v2.7b Micro-typographical refinements (RS)

("C:\Users\mcoronadogarcia\AppData\Local\Programs\MiKTeX 2.9\tex/latex/graphics
\keyval.sty"
Package: keyval 2014/10/28 v1.15 key=value parser (DPC)
\KV@toks@=\toks22
)
\MT@toks=\toks23
\MT@count=\count100
LaTeX Info: Redefining \textls on input line 790.
\MT@outer@kern=\dimen112
LaTeX Info: Redefining \textmicrotypecontext on input line 1336.
\MT@listname@count=\count101

("C:\Users\mcoronadogarcia\AppData\Local\Programs\MiKTeX 2.9\tex/latex/microtyp
e\microtype-pdftex.def"
File: microtype-pdftex.def 2019/02/28 v2.7b Definitions specific to pdftex (RS)

LaTeX Info: Redefining \lsstyle on input line 914.
LaTeX Info: Redefining \lslig on input line 914.
\MT@outer@space=\skip46
)
Package microtype Info: Loading configuration file microtype.cfg.

("C:\Users\mcoronadogarcia\AppData\Local\Programs\MiKTeX 2.9\tex/latex/microtyp
e\microtype.cfg"
File: microtype.cfg 2019/02/28 v2.7b microtype main configuration file (RS)
))
("C:\Users\mcoronadogarcia\AppData\Local\Programs\MiKTeX 2.9\tex/latex/geometry
\geometry.sty"
Package: geometry 2018/04/16 v5.8 Page Geometry

("C:\Users\mcoronadogarcia\AppData\Local\Programs\MiKTeX 2.9\tex/generic/oberdi
ek\ifpdf.sty"
Package: ifpdf 2018/09/07 v3.3 Provides the ifpdf switch
)
("C:\Users\mcoronadogarcia\AppData\Local\Programs\MiKTeX 2.9\tex/generic/oberdi
ek\ifvtex.sty"
Package: ifvtex 2016/05/16 v1.6 Detect VTeX and its facilities (HO)
Package ifvtex Info: VTeX not detected.
)
\Gm@cnth=\count102
\Gm@cntv=\count103
\c@Gm@tempcnt=\count104
\Gm@bindingoffset=\dimen113
\Gm@wd@mp=\dimen114
\Gm@odd@mp=\dimen115
\Gm@even@mp=\dimen116
\Gm@layoutwidth=\dimen117
\Gm@layoutheight=\dimen118
\Gm@layouthoffset=\dimen119
\Gm@layoutvoffset=\dimen120
\Gm@dimlist=\toks24

("C:\Users\mcoronadogarcia\AppData\Local\Programs\MiKTeX 2.9\tex/latex/geometry
\geometry.cfg"))
("C:\Users\mcoronadogarcia\AppData\Local\Programs\MiKTeX 2.9\tex/latex/hyperref
\hyperref.sty"
Package: hyperref 2018/11/30 v6.88e Hypertext links for LaTeX

("C:\Users\mcoronadogarcia\AppData\Local\Programs\MiKTeX 2.9\tex/generic/oberdi
ek\hobsub-hyperref.sty"
Package: hobsub-hyperref 2016/05/16 v1.14 Bundle oberdiek, subset hyperref (HO)


("C:\Users\mcoronadogarcia\AppData\Local\Programs\MiKTeX 2.9\tex/generic/oberdi
ek\hobsub-generic.sty"
Package: hobsub-generic 2016/05/16 v1.14 Bundle oberdiek, subset generic (HO)
Package: hobsub 2016/05/16 v1.14 Construct package bundles (HO)
Package: infwarerr 2016/05/16 v1.4 Providing info/warning/error messages (HO)
Package: ltxcmds 2016/05/16 v1.23 LaTeX kernel commands for general use (HO)
Package hobsub Info: Skipping package `ifluatex' (already loaded).
Package hobsub Info: Skipping package `ifvtex' (already loaded).
Package: intcalc 2016/05/16 v1.2 Expandable calculations with integers (HO)
Package hobsub Info: Skipping package `ifpdf' (already loaded).
Package: etexcmds 2016/05/16 v1.6 Avoid name clashes with e-TeX commands (HO)
Package: kvsetkeys 2016/05/16 v1.17 Key value parser (HO)
Package: kvdefinekeys 2016/05/16 v1.4 Define keys (HO)
Package: pdftexcmds 2018/09/10 v0.29 Utility functions of pdfTeX for LuaTeX (HO
)
Package pdftexcmds Info: LuaTeX not detected.
Package pdftexcmds Info: \pdf@primitive is available.
Package pdftexcmds Info: \pdf@ifprimitive is available.
Package pdftexcmds Info: \pdfdraftmode found.
Package: pdfescape 2016/05/16 v1.14 Implements pdfTeX's escape features (HO)
Package: bigintcalc 2016/05/16 v1.4 Expandable calculations on big integers (HO
)
Package: bitset 2016/05/16 v1.2 Handle bit-vector datatype (HO)
Package: uniquecounter 2016/05/16 v1.3 Provide unlimited unique counter (HO)
)
Package hobsub Info: Skipping package `hobsub' (already loaded).
Package: letltxmacro 2016/05/16 v1.5 Let assignment for LaTeX macros (HO)
Package: hopatch 2016/05/16 v1.3 Wrapper for package hooks (HO)
Package: xcolor-patch 2016/05/16 xcolor patch
Package: atveryend 2016/05/16 v1.9 Hooks at the very end of document (HO)
Package atveryend Info: \enddocument detected (standard20110627).
Package: atbegshi 2016/06/09 v1.18 At begin shipout hook (HO)
Package: refcount 2016/05/16 v3.5 Data extraction from label references (HO)
Package: hycolor 2016/05/16 v1.8 Color options for hyperref/bookmark (HO)
)
("C:\Users\mcoronadogarcia\AppData\Local\Programs\MiKTeX 2.9\tex/latex/oberdiek
\auxhook.sty"
Package: auxhook 2016/05/16 v1.4 Hooks for auxiliary files (HO)
)
("C:\Users\mcoronadogarcia\AppData\Local\Programs\MiKTeX 2.9\tex/latex/oberdiek
\kvoptions.sty"
Package: kvoptions 2016/05/16 v3.12 Key value format for package options (HO)
)
\@linkdim=\dimen121
\Hy@linkcounter=\count105
\Hy@pagecounter=\count106

("C:\Users\mcoronadogarcia\AppData\Local\Programs\MiKTeX 2.9\tex/latex/hyperref
\pd1enc.def"
File: pd1enc.def 2018/11/30 v6.88e Hyperref: PDFDocEncoding definition (HO)
Now handling font encoding PD1 ...
... no UTF-8 mapping file for font encoding PD1
)
\Hy@SavedSpaceFactor=\count107

("C:\Users\mcoronadogarcia\AppData\Local\Programs\MiKTeX 2.9\tex/latex/00miktex
\hyperref.cfg"
File: hyperref.cfg 2002/06/06 v1.2 hyperref configuration of TeXLive
)
Package hyperref Info: Hyper figures OFF on input line 4519.
Package hyperref Info: Link nesting OFF on input line 4524.
Package hyperref Info: Hyper index ON on input line 4527.
Package hyperref Info: Plain pages OFF on input line 4534.
Package hyperref Info: Backreferencing OFF on input line 4539.
Package hyperref Info: Implicit mode ON; LaTeX internals redefined.
Package hyperref Info: Bookmarks ON on input line 4772.
\c@Hy@tempcnt=\count108

("C:\Users\mcoronadogarcia\AppData\Local\Programs\MiKTeX 2.9\tex/latex/url\url.
sty"
\Urlmuskip=\muskip11
Package: url 2013/09/16  ver 3.4  Verb mode for urls, etc.
)
LaTeX Info: Redefining \url on input line 5125.
\XeTeXLinkMargin=\dimen122
\Fld@menulength=\count109
\Field@Width=\dimen123
\Fld@charsize=\dimen124
Package hyperref Info: Hyper figures OFF on input line 6380.
Package hyperref Info: Link nesting OFF on input line 6385.
Package hyperref Info: Hyper index ON on input line 6388.
Package hyperref Info: backreferencing OFF on input line 6395.
Package hyperref Info: Link coloring OFF on input line 6400.
Package hyperref Info: Link coloring with OCG OFF on input line 6405.
Package hyperref Info: PDF/A mode OFF on input line 6410.
LaTeX Info: Redefining \ref on input line 6450.
LaTeX Info: Redefining \pageref on input line 6454.
\Hy@abspage=\count110
\c@Item=\count111
\c@Hfootnote=\count112
)
Package hyperref Info: Driver (autodetected): hpdftex.

("C:\Users\mcoronadogarcia\AppData\Local\Programs\MiKTeX 2.9\tex/latex/hyperref
\hpdftex.def"
File: hpdftex.def 2018/11/30 v6.88e Hyperref driver for pdfTeX
\Fld@listcount=\count113
\c@bookmark@seq@number=\count114

("C:\Users\mcoronadogarcia\AppData\Local\Programs\MiKTeX 2.9\tex/latex/oberdiek
\rerunfilecheck.sty"
Package: rerunfilecheck 2016/05/16 v1.8 Rerun checks for auxiliary files (HO)
Package uniquecounter Info: New unique counter `rerunfilecheck' on input line 2
82.
)
\Hy@SectionHShift=\skip47
)
Package hyperref Info: Option `unicode' set `true' on input line 33.

("C:\Users\mcoronadogarcia\AppData\Local\Programs\MiKTeX 2.9\tex/latex/hyperref
\puenc.def"
File: puenc.def 2018/11/30 v6.88e Hyperref: PDF Unicode definition (HO)
Now handling font encoding PU ...
... no UTF-8 mapping file for font encoding PU
)
Package hyperref Info: Option `colorlinks' set `true' on input line 33.
Package hyperref Info: Option `breaklinks' set `true' on input line 33.

("C:\Users\mcoronadogarcia\AppData\Local\Programs\MiKTeX 2.9\tex/latex/graphics
\graphicx.sty"
Package: graphicx 2017/06/01 v1.1a Enhanced LaTeX Graphics (DPC,SPQR)

("C:\Users\mcoronadogarcia\AppData\Local\Programs\MiKTeX 2.9\tex/latex/graphics
\graphics.sty"
Package: graphics 2017/06/25 v1.2c Standard LaTeX Graphics (DPC,SPQR)

("C:\Users\mcoronadogarcia\AppData\Local\Programs\MiKTeX 2.9\tex/latex/graphics
\trig.sty"
Package: trig 2016/01/03 v1.10 sin cos tan (DPC)
)
("C:\Users\mcoronadogarcia\AppData\Local\Programs\MiKTeX 2.9\tex/latex/graphics
-cfg\graphics.cfg"
File: graphics.cfg 2016/06/04 v1.11 sample graphics configuration
)
Package graphics Info: Driver file: pdftex.def on input line 99.

("C:\Users\mcoronadogarcia\AppData\Local\Programs\MiKTeX 2.9\tex/latex/graphics
-def\pdftex.def"
File: pdftex.def 2018/01/08 v1.0l Graphics/color driver for pdftex
))
\Gin@req@height=\dimen125
\Gin@req@width=\dimen126
)
("C:\Users\mcoronadogarcia\AppData\Local\Programs\MiKTeX 2.9\tex/latex/oberdiek
\grffile.sty"
Package: grffile 2017/06/30 v1.18 Extended file name support for graphics (HO)
Package grffile Info: Option `multidot' is set to `true'.
Package grffile Info: Option `extendedchars' is set to `false'.
Package grffile Info: Option `space' is set to `true'.
Package grffile Info: \Gin@ii of package `graphicx' fixed on input line 494.
)
("C:\Users\mcoronadogarcia\AppData\Local\Programs\MiKTeX 2.9\tex/latex/parskip\
parskip.sty"
Package: parskip 2019-01-16 v2.0c non-zero parskip adjustments

("C:\Users\mcoronadogarcia\AppData\Local\Programs\MiKTeX 2.9\tex/latex/etoolbox
\etoolbox.sty"
Package: etoolbox 2018/08/19 v2.5f e-TeX tools for LaTeX (JAW)
\etb@tempcnta=\count115
))
("C:\Users\mcoronadogarcia\AppData\Local\Programs\MiKTeX 2.9\tex/latex/titling\
titling.sty"
Package: titling 2009/09/04 v2.1d maketitle typesetting
\thanksmarkwidth=\skip48
\thanksmargin=\skip49
\droptitle=\skip50
) (preamble.tex
("C:\Users\mcoronadogarcia\AppData\Local\Programs\MiKTeX 2.9\tex/latex/booktabs
\booktabs.sty"
Package: booktabs 2005/04/14 v1.61803 publication quality tables
\heavyrulewidth=\dimen127
\lightrulewidth=\dimen128
\cmidrulewidth=\dimen129
\belowrulesep=\dimen130
\belowbottomsep=\dimen131
\aboverulesep=\dimen132
\abovetopsep=\dimen133
\cmidrulesep=\dimen134
\cmidrulekern=\dimen135
\defaultaddspace=\dimen136
\@cmidla=\count116
\@cmidlb=\count117
\@aboverulesep=\dimen137
\@belowrulesep=\dimen138
\@thisruleclass=\count118
\@lastruleclass=\count119
\@thisrulewidth=\dimen139
)
("C:\Users\mcoronadogarcia\AppData\Local\Programs\MiKTeX 2.9\tex/latex/tools\lo
ngtable.sty"
Package: longtable 2014/10/28 v4.11 Multi-page Table package (DPC)+ FMi change
\LTleft=\skip51
\LTright=\skip52
\LTpre=\skip53
\LTpost=\skip54
\LTchunksize=\count120
\LTcapwidth=\dimen140
\LT@head=\box29
\LT@firsthead=\box30
\LT@foot=\box31
\LT@lastfoot=\box32
\LT@cols=\count121
\LT@rows=\count122
\c@LT@tables=\count123
\c@LT@chunks=\count124
\LT@p@ftn=\toks25
)
("C:\Users\mcoronadogarcia\AppData\Local\Programs\MiKTeX 2.9\tex/latex/tools\ar
ray.sty"
Package: array 2018/12/30 v2.4k Tabular extension package (FMi)
\col@sep=\dimen141
\ar@mcellbox=\box33
\extrarowheight=\dimen142
\NC@list=\toks26
\extratabsurround=\skip55
\backup@length=\skip56
\ar@cellbox=\box34
)
("C:\Users\mcoronadogarcia\AppData\Local\Programs\MiKTeX 2.9\tex/latex/multirow
\multirow.sty"
Package: multirow 2019/01/01 v2.4 Span multiple rows of a table
\multirow@colwidth=\skip57
\multirow@cntb=\count125
\multirow@dima=\skip58
\bigstrutjot=\dimen143
)
("C:\Users\mcoronadogarcia\AppData\Local\Programs\MiKTeX 2.9\tex/latex/graphics
\color.sty"
Package: color 2016/07/10 v1.1e Standard LaTeX Color (DPC)

("C:\Users\mcoronadogarcia\AppData\Local\Programs\MiKTeX 2.9\tex/latex/graphics
-cfg\color.cfg"
File: color.cfg 2016/01/02 v1.6 sample color configuration
)
Package color Info: Driver file: pdftex.def on input line 147.

("C:\Users\mcoronadogarcia\AppData\Local\Programs\MiKTeX 2.9\tex/latex/graphics
\dvipsnam.def"
File: dvipsnam.def 2016/06/17 v3.0m Driver-dependent file (DPC,SPQR)
))
("C:\Users\mcoronadogarcia\AppData\Local\Programs\MiKTeX 2.9\tex/latex/xcolor\x
color.sty"
Package: xcolor 2016/05/11 v2.12 LaTeX color extensions (UK)

("C:\Users\mcoronadogarcia\AppData\Local\Programs\MiKTeX 2.9\tex/latex/graphics
-cfg\color.cfg"
File: color.cfg 2016/01/02 v1.6 sample color configuration
)
Package xcolor Info: Driver file: pdftex.def on input line 225.

("C:\Users\mcoronadogarcia\AppData\Local\Programs\MiKTeX 2.9\tex/latex/colortbl
\colortbl.sty"
Package: colortbl 2018/12/12 v1.0d Color table columns (DPC)
\everycr=\toks27
\minrowclearance=\skip59
)
LaTeX Info: Redefining \color on input line 709.
\rownum=\count126
Package xcolor Info: Model `cmy' substituted by `cmy0' on input line 1348.
Package xcolor Info: Model `hsb' substituted by `rgb' on input line 1352.
Package xcolor Info: Model `RGB' extended on input line 1364.
Package xcolor Info: Model `HTML' substituted by `rgb' on input line 1366.
Package xcolor Info: Model `Hsb' substituted by `hsb' on input line 1367.
Package xcolor Info: Model `tHsb' substituted by `hsb' on input line 1368.
Package xcolor Info: Model `HSB' substituted by `hsb' on input line 1369.
Package xcolor Info: Model `Gray' substituted by `gray' on input line 1370.
Package xcolor Info: Model `wave' substituted by `hsb' on input line 1371.
)
("C:\Users\mcoronadogarcia\AppData\Local\Programs\MiKTeX 2.9\tex/latex/wrapfig\
wrapfig.sty"
\wrapoverhang=\dimen144
\WF@size=\dimen145
\c@WF@wrappedlines=\count127
\WF@box=\box35
\WF@everypar=\toks28
Package: wrapfig 2003/01/31  v 3.6
)
("C:\Users\mcoronadogarcia\AppData\Local\Programs\MiKTeX 2.9\tex/latex/float\fl
oat.sty"
Package: float 2001/11/08 v1.3d Float enhancements (AL)
\c@float@type=\count128
\float@exts=\toks29
\float@box=\box36
\@float@everytoks=\toks30
\@floatcapt=\box37
)
("C:\Users\mcoronadogarcia\AppData\Local\Programs\MiKTeX 2.9\tex/latex/oberdiek
\pdflscape.sty"
Package: pdflscape 2016/05/14 v0.11 Display of landscape pages in PDF (HO)

("C:\Users\mcoronadogarcia\AppData\Local\Programs\MiKTeX 2.9\tex/latex/graphics
\lscape.sty"
Package: lscape 2000/10/22 v3.01 Landscape Pages (DPC)
)
Package pdflscape Info: Auto-detected driver: pdftex on input line 81.
)
("C:\Users\mcoronadogarcia\AppData\Local\Programs\MiKTeX 2.9\tex/latex/tabu\tab
u.sty"
Package: tabu 2019/01/11 v2.9 - flexible LaTeX tabulars (FC+tabu-fixed)

("C:\Users\mcoronadogarcia\AppData\Local\Programs\MiKTeX 2.9\tex/latex/varwidth
\varwidth.sty"
Package: varwidth 2009/03/30 ver 0.92;  Variable-width minipages
\@vwid@box=\box38
\sift@deathcycles=\count129
\@vwid@loff=\dimen146
\@vwid@roff=\dimen147
)
\c@taburow=\count130
\tabu@nbcols=\count131
\tabu@cnt=\count132
\tabu@Xcol=\count133
\tabu@alloc=\count134
\tabu@nested=\count135
\tabu@target=\dimen148
\tabu@spreadtarget=\dimen149
\tabu@naturalX=\dimen150
\tabucolX=\dimen151
\tabu@Xsum=\dimen152
\extrarowdepth=\dimen153
\abovetabulinesep=\dimen154
\belowtabulinesep=\dimen155
\tabustrutrule=\dimen156
\tabu@thebody=\toks31
\tabu@footnotes=\toks32
\tabu@box=\box39
\tabu@arstrutbox=\box40
\tabu@hleads=\box41
\tabu@vleads=\box42
\tabu@cellskip=\skip60
)
("C:\Users\mcoronadogarcia\AppData\Local\Programs\MiKTeX 2.9\tex/latex/threepar
ttable\threeparttable.sty"
Package: threeparttable 2003/06/13  v 3.0
\@tempboxb=\box43
)
("C:\Users\mcoronadogarcia\AppData\Local\Programs\MiKTeX 2.9\tex/latex/ulem\ule
m.sty"
\UL@box=\box44
\UL@hyphenbox=\box45
\UL@skip=\skip61
\UL@hook=\toks33
\UL@height=\dimen157
\UL@pe=\count136
\UL@pixel=\dimen158
\ULC@box=\box46
Package: ulem 2012/05/18
\ULdepth=\dimen159
)
("C:\Users\mcoronadogarcia\AppData\Local\Programs\MiKTeX 2.9\tex/latex/adjustbo
x\adjustbox.sty"
Package: adjustbox 2019/01/04 v1.2 Adjusting TeX boxes (trim, clip, ...)

("C:\Users\mcoronadogarcia\AppData\Local\Programs\MiKTeX 2.9\tex/latex/xkeyval\
xkeyval.sty"
Package: xkeyval 2014/12/03 v2.7a package option processing (HA)

("C:\Users\mcoronadogarcia\AppData\Local\Programs\MiKTeX 2.9\tex/generic/xkeyva
l\xkeyval.tex"
("C:\Users\mcoronadogarcia\AppData\Local\Programs\MiKTeX 2.9\tex/generic/xkeyva
l\xkvutils.tex"
\XKV@toks=\toks34
\XKV@tempa@toks=\toks35
)
\XKV@depth=\count137
File: xkeyval.tex 2014/12/03 v2.7a key=value parser (HA)
))
("C:\Users\mcoronadogarcia\AppData\Local\Programs\MiKTeX 2.9\tex/latex/adjustbo
x\adjcalc.sty"
Package: adjcalc 2012/05/16 v1.1 Provides advanced setlength with multiple back
-ends (calc, etex, pgfmath)
)
("C:\Users\mcoronadogarcia\AppData\Local\Programs\MiKTeX 2.9\tex/latex/adjustbo
x\trimclip.sty"
Package: trimclip 2018/04/08 v1.1 Trim and clip general TeX material

("C:\Users\mcoronadogarcia\AppData\Local\Programs\MiKTeX 2.9\tex/latex/collectb
ox\collectbox.sty"
Package: collectbox 2012/05/17 v0.4b Collect macro arguments as boxes
\collectedbox=\box47
)
\tc@llx=\dimen160
\tc@lly=\dimen161
\tc@urx=\dimen162
\tc@ury=\dimen163
Package trimclip Info: Using driver 'tc-pdftex.def'.

("C:\Users\mcoronadogarcia\AppData\Local\Programs\MiKTeX 2.9\tex/latex/adjustbo
x\tc-pdftex.def"
File: tc-pdftex.def 2019/01/04 v2.2 Clipping driver for pdftex
))
\adjbox@Width=\dimen164
\adjbox@Height=\dimen165
\adjbox@Depth=\dimen166
\adjbox@Totalheight=\dimen167
\adjbox@pwidth=\dimen168
\adjbox@pheight=\dimen169
\adjbox@pdepth=\dimen170
\adjbox@ptotalheight=\dimen171

("C:\Users\mcoronadogarcia\AppData\Local\Programs\MiKTeX 2.9\tex/latex/ifoddpag
e\ifoddpage.sty"
Package: ifoddpage 2016/04/23 v1.1 Conditionals for odd/even page detection
\c@checkoddpage=\count138
))
("C:\Users\mcoronadogarcia\AppData\Local\Programs\MiKTeX 2.9\tex/latex/lato\lat
o.sty"
Package: lato 2017/10/22 Style file for Lato.

("C:\Users\mcoronadogarcia\AppData\Local\Programs\MiKTeX 2.9\tex/latex/fontaxes
\fontaxes.sty"
Package: fontaxes 2014/03/23 v1.0d Font selection axes
LaTeX Info: Redefining \upshape on input line 29.
LaTeX Info: Redefining \itshape on input line 31.
LaTeX Info: Redefining \slshape on input line 33.
LaTeX Info: Redefining \scshape on input line 37.
))
("C:\Users\mcoronadogarcia\AppData\Local\Programs\MiKTeX 2.9\tex/latex/base\fon
tenc.sty"
Package: fontenc 2018/08/11 v2.0j Standard LaTeX package

("C:\Users\mcoronadogarcia\AppData\Local\Programs\MiKTeX 2.9\tex/latex/base\t1e
nc.def"
File: t1enc.def 2018/08/11 v2.0j Standard LaTeX file
LaTeX Font Info:    Redeclaring font encoding T1 on input line 48.
))
("C:\Users\mcoronadogarcia\AppData\Local\Programs\MiKTeX 2.9\tex/latex/pgf/fron
tendlayer\tikz.sty"
("C:\Users\mcoronadogarcia\AppData\Local\Programs\MiKTeX 2.9\tex/latex/pgf/basi
clayer\pgf.sty"
("C:\Users\mcoronadogarcia\AppData\Local\Programs\MiKTeX 2.9\tex/latex/pgf/util
ities\pgfrcs.sty"
("C:\Users\mcoronadogarcia\AppData\Local\Programs\MiKTeX 2.9\tex/generic/pgf/ut
ilities\pgfutil-common.tex"
\pgfutil@everybye=\toks36
\pgfutil@tempdima=\dimen172
\pgfutil@tempdimb=\dimen173

("C:\Users\mcoronadogarcia\AppData\Local\Programs\MiKTeX 2.9\tex/generic/pgf/ut
ilities\pgfutil-common-lists.tex"))
("C:\Users\mcoronadogarcia\AppData\Local\Programs\MiKTeX 2.9\tex/generic/pgf/ut
ilities\pgfutil-latex.def"
\pgfutil@abb=\box48

("C:\Users\mcoronadogarcia\AppData\Local\Programs\MiKTeX 2.9\tex/latex/ms\every
shi.sty"
Package: everyshi 2001/05/15 v3.00 EveryShipout Package (MS)
))
("C:\Users\mcoronadogarcia\AppData\Local\Programs\MiKTeX 2.9\tex/generic/pgf/ut
ilities\pgfrcs.code.tex"
("C:\Users\mcoronadogarcia\AppData\Local\Programs\MiKTeX 2.9\tex/generic/pgf\pg
f.revision.tex")
Package: pgfrcs 2019/02/02 v3.1.1 (3.1.1)
))
Package: pgf 2019/02/02 v3.1.1 (3.1.1)

("C:\Users\mcoronadogarcia\AppData\Local\Programs\MiKTeX 2.9\tex/latex/pgf/basi
clayer\pgfcore.sty"
("C:\Users\mcoronadogarcia\AppData\Local\Programs\MiKTeX 2.9\tex/latex/pgf/syst
emlayer\pgfsys.sty"
("C:\Users\mcoronadogarcia\AppData\Local\Programs\MiKTeX 2.9\tex/generic/pgf/sy
stemlayer\pgfsys.code.tex"
Package: pgfsys 2019/02/02 v3.1.1 (3.1.1)

("C:\Users\mcoronadogarcia\AppData\Local\Programs\MiKTeX 2.9\tex/generic/pgf/ut
ilities\pgfkeys.code.tex"
\pgfkeys@pathtoks=\toks37
\pgfkeys@temptoks=\toks38

("C:\Users\mcoronadogarcia\AppData\Local\Programs\MiKTeX 2.9\tex/generic/pgf/ut
ilities\pgfkeysfiltered.code.tex"
\pgfkeys@tmptoks=\toks39
))
\pgf@x=\dimen174
\pgf@y=\dimen175
\pgf@xa=\dimen176
\pgf@ya=\dimen177
\pgf@xb=\dimen178
\pgf@yb=\dimen179
\pgf@xc=\dimen180
\pgf@yc=\dimen181
\w@pgf@writea=\write3
\r@pgf@reada=\read1
\c@pgf@counta=\count139
\c@pgf@countb=\count140
\c@pgf@countc=\count141
\c@pgf@countd=\count142
\t@pgf@toka=\toks40
\t@pgf@tokb=\toks41
\t@pgf@tokc=\toks42
\pgf@sys@id@count=\count143

("C:\Users\mcoronadogarcia\AppData\Local\Programs\MiKTeX 2.9\tex/generic/pgf/sy
stemlayer\pgf.cfg"
File: pgf.cfg 2019/02/02 v3.1.1 (3.1.1)
)
Driver file for pgf: pgfsys-pdftex.def

("C:\Users\mcoronadogarcia\AppData\Local\Programs\MiKTeX 2.9\tex/generic/pgf/sy
stemlayer\pgfsys-pdftex.def"
File: pgfsys-pdftex.def 2019/02/02 v3.1.1 (3.1.1)

("C:\Users\mcoronadogarcia\AppData\Local\Programs\MiKTeX 2.9\tex/generic/pgf/sy
stemlayer\pgfsys-common-pdf.def"
File: pgfsys-common-pdf.def 2019/02/02 v3.1.1 (3.1.1)
)))
("C:\Users\mcoronadogarcia\AppData\Local\Programs\MiKTeX 2.9\tex/generic/pgf/sy
stemlayer\pgfsyssoftpath.code.tex"
File: pgfsyssoftpath.code.tex 2019/02/02 v3.1.1 (3.1.1)
\pgfsyssoftpath@smallbuffer@items=\count144
\pgfsyssoftpath@bigbuffer@items=\count145
)
("C:\Users\mcoronadogarcia\AppData\Local\Programs\MiKTeX 2.9\tex/generic/pgf/sy
stemlayer\pgfsysprotocol.code.tex"
File: pgfsysprotocol.code.tex 2019/02/02 v3.1.1 (3.1.1)
))
("C:\Users\mcoronadogarcia\AppData\Local\Programs\MiKTeX 2.9\tex/generic/pgf/ba
siclayer\pgfcore.code.tex"
Package: pgfcore 2019/02/02 v3.1.1 (3.1.1)

("C:\Users\mcoronadogarcia\AppData\Local\Programs\MiKTeX 2.9\tex/generic/pgf/ma
th\pgfmath.code.tex"
("C:\Users\mcoronadogarcia\AppData\Local\Programs\MiKTeX 2.9\tex/generic/pgf/ma
th\pgfmathcalc.code.tex"
("C:\Users\mcoronadogarcia\AppData\Local\Programs\MiKTeX 2.9\tex/generic/pgf/ma
th\pgfmathutil.code.tex")
("C:\Users\mcoronadogarcia\AppData\Local\Programs\MiKTeX 2.9\tex/generic/pgf/ma
th\pgfmathparser.code.tex"
\pgfmath@dimen=\dimen182
\pgfmath@count=\count146
\pgfmath@box=\box49
\pgfmath@toks=\toks43
\pgfmath@stack@operand=\toks44
\pgfmath@stack@operation=\toks45
)
("C:\Users\mcoronadogarcia\AppData\Local\Programs\MiKTeX 2.9\tex/generic/pgf/ma
th\pgfmathfunctions.code.tex"
("C:\Users\mcoronadogarcia\AppData\Local\Programs\MiKTeX 2.9\tex/generic/pgf/ma
th\pgfmathfunctions.basic.code.tex")
("C:\Users\mcoronadogarcia\AppData\Local\Programs\MiKTeX 2.9\tex/generic/pgf/ma
th\pgfmathfunctions.trigonometric.code.tex")
("C:\Users\mcoronadogarcia\AppData\Local\Programs\MiKTeX 2.9\tex/generic/pgf/ma
th\pgfmathfunctions.random.code.tex")
("C:\Users\mcoronadogarcia\AppData\Local\Programs\MiKTeX 2.9\tex/generic/pgf/ma
th\pgfmathfunctions.comparison.code.tex")
("C:\Users\mcoronadogarcia\AppData\Local\Programs\MiKTeX 2.9\tex/generic/pgf/ma
th\pgfmathfunctions.base.code.tex")
("C:\Users\mcoronadogarcia\AppData\Local\Programs\MiKTeX 2.9\tex/generic/pgf/ma
th\pgfmathfunctions.round.code.tex")
("C:\Users\mcoronadogarcia\AppData\Local\Programs\MiKTeX 2.9\tex/generic/pgf/ma
th\pgfmathfunctions.misc.code.tex")
("C:\Users\mcoronadogarcia\AppData\Local\Programs\MiKTeX 2.9\tex/generic/pgf/ma
th\pgfmathfunctions.integerarithmetics.code.tex")))
("C:\Users\mcoronadogarcia\AppData\Local\Programs\MiKTeX 2.9\tex/generic/pgf/ma
th\pgfmathfloat.code.tex"
\c@pgfmathroundto@lastzeros=\count147
))
("C:\Users\mcoronadogarcia\AppData\Local\Programs\MiKTeX 2.9\tex/generic/pgf/ba
siclayer\pgfcorepoints.code.tex"
File: pgfcorepoints.code.tex 2019/02/02 v3.1.1 (3.1.1)
\pgf@picminx=\dimen183
\pgf@picmaxx=\dimen184
\pgf@picminy=\dimen185
\pgf@picmaxy=\dimen186
\pgf@pathminx=\dimen187
\pgf@pathmaxx=\dimen188
\pgf@pathminy=\dimen189
\pgf@pathmaxy=\dimen190
\pgf@xx=\dimen191
\pgf@xy=\dimen192
\pgf@yx=\dimen193
\pgf@yy=\dimen194
\pgf@zx=\dimen195
\pgf@zy=\dimen196
)
("C:\Users\mcoronadogarcia\AppData\Local\Programs\MiKTeX 2.9\tex/generic/pgf/ba
siclayer\pgfcorepathconstruct.code.tex"
File: pgfcorepathconstruct.code.tex 2019/02/02 v3.1.1 (3.1.1)
\pgf@path@lastx=\dimen197
\pgf@path@lasty=\dimen198
)
("C:\Users\mcoronadogarcia\AppData\Local\Programs\MiKTeX 2.9\tex/generic/pgf/ba
siclayer\pgfcorepathusage.code.tex"
File: pgfcorepathusage.code.tex 2019/02/02 v3.1.1 (3.1.1)
\pgf@shorten@end@additional=\dimen199
\pgf@shorten@start@additional=\dimen256
)
("C:\Users\mcoronadogarcia\AppData\Local\Programs\MiKTeX 2.9\tex/generic/pgf/ba
siclayer\pgfcorescopes.code.tex"
File: pgfcorescopes.code.tex 2019/02/02 v3.1.1 (3.1.1)
\pgfpic=\box50
\pgf@hbox=\box51
\pgf@layerbox@main=\box52
\pgf@picture@serial@count=\count148
)
("C:\Users\mcoronadogarcia\AppData\Local\Programs\MiKTeX 2.9\tex/generic/pgf/ba
siclayer\pgfcoregraphicstate.code.tex"
File: pgfcoregraphicstate.code.tex 2019/02/02 v3.1.1 (3.1.1)
\pgflinewidth=\dimen257
)
("C:\Users\mcoronadogarcia\AppData\Local\Programs\MiKTeX 2.9\tex/generic/pgf/ba
siclayer\pgfcoretransformations.code.tex"
File: pgfcoretransformations.code.tex 2019/02/02 v3.1.1 (3.1.1)
\pgf@pt@x=\dimen258
\pgf@pt@y=\dimen259
\pgf@pt@temp=\dimen260
)
("C:\Users\mcoronadogarcia\AppData\Local\Programs\MiKTeX 2.9\tex/generic/pgf/ba
siclayer\pgfcorequick.code.tex"
File: pgfcorequick.code.tex 2019/02/02 v3.1.1 (3.1.1)
)
("C:\Users\mcoronadogarcia\AppData\Local\Programs\MiKTeX 2.9\tex/generic/pgf/ba
siclayer\pgfcoreobjects.code.tex"
File: pgfcoreobjects.code.tex 2019/02/02 v3.1.1 (3.1.1)
)
("C:\Users\mcoronadogarcia\AppData\Local\Programs\MiKTeX 2.9\tex/generic/pgf/ba
siclayer\pgfcorepathprocessing.code.tex"
File: pgfcorepathprocessing.code.tex 2019/02/02 v3.1.1 (3.1.1)
)
("C:\Users\mcoronadogarcia\AppData\Local\Programs\MiKTeX 2.9\tex/generic/pgf/ba
siclayer\pgfcorearrows.code.tex"
File: pgfcorearrows.code.tex 2019/02/02 v3.1.1 (3.1.1)
\pgfarrowsep=\dimen261
)
("C:\Users\mcoronadogarcia\AppData\Local\Programs\MiKTeX 2.9\tex/generic/pgf/ba
siclayer\pgfcoreshade.code.tex"
File: pgfcoreshade.code.tex 2019/02/02 v3.1.1 (3.1.1)
\pgf@max=\dimen262
\pgf@sys@shading@range@num=\count149
)
("C:\Users\mcoronadogarcia\AppData\Local\Programs\MiKTeX 2.9\tex/generic/pgf/ba
siclayer\pgfcoreimage.code.tex"
File: pgfcoreimage.code.tex 2019/02/02 v3.1.1 (3.1.1)

("C:\Users\mcoronadogarcia\AppData\Local\Programs\MiKTeX 2.9\tex/generic/pgf/ba
siclayer\pgfcoreexternal.code.tex"
File: pgfcoreexternal.code.tex 2019/02/02 v3.1.1 (3.1.1)
\pgfexternal@startupbox=\box53
))
("C:\Users\mcoronadogarcia\AppData\Local\Programs\MiKTeX 2.9\tex/generic/pgf/ba
siclayer\pgfcorelayers.code.tex"
File: pgfcorelayers.code.tex 2019/02/02 v3.1.1 (3.1.1)
)
("C:\Users\mcoronadogarcia\AppData\Local\Programs\MiKTeX 2.9\tex/generic/pgf/ba
siclayer\pgfcoretransparency.code.tex"
File: pgfcoretransparency.code.tex 2019/02/02 v3.1.1 (3.1.1)
)
("C:\Users\mcoronadogarcia\AppData\Local\Programs\MiKTeX 2.9\tex/generic/pgf/ba
siclayer\pgfcorepatterns.code.tex"
File: pgfcorepatterns.code.tex 2019/02/02 v3.1.1 (3.1.1)
)
("C:\Users\mcoronadogarcia\AppData\Local\Programs\MiKTeX 2.9\tex/generic/pgf/ba
siclayer\pgfcorerdf.code.tex"
File: pgfcorerdf.code.tex 2019/02/02 v3.1.1 (3.1.1)
)))
("C:\Users\mcoronadogarcia\AppData\Local\Programs\MiKTeX 2.9\tex/generic/pgf/mo
dules\pgfmoduleshapes.code.tex"
File: pgfmoduleshapes.code.tex 2019/02/02 v3.1.1 (3.1.1)
\pgfnodeparttextbox=\box54
)
("C:\Users\mcoronadogarcia\AppData\Local\Programs\MiKTeX 2.9\tex/generic/pgf/mo
dules\pgfmoduleplot.code.tex"
File: pgfmoduleplot.code.tex 2019/02/02 v3.1.1 (3.1.1)
)
("C:\Users\mcoronadogarcia\AppData\Local\Programs\MiKTeX 2.9\tex/latex/pgf/comp
atibility\pgfcomp-version-0-65.sty"
Package: pgfcomp-version-0-65 2019/02/02 v3.1.1 (3.1.1)
\pgf@nodesepstart=\dimen263
\pgf@nodesepend=\dimen264
)
("C:\Users\mcoronadogarcia\AppData\Local\Programs\MiKTeX 2.9\tex/latex/pgf/comp
atibility\pgfcomp-version-1-18.sty"
Package: pgfcomp-version-1-18 2019/02/02 v3.1.1 (3.1.1)
))
("C:\Users\mcoronadogarcia\AppData\Local\Programs\MiKTeX 2.9\tex/latex/pgf/util
ities\pgffor.sty"
("C:\Users\mcoronadogarcia\AppData\Local\Programs\MiKTeX 2.9\tex/latex/pgf/util
ities\pgfkeys.sty"
("C:\Users\mcoronadogarcia\AppData\Local\Programs\MiKTeX 2.9\tex/generic/pgf/ut
ilities\pgfkeys.code.tex"))
("C:\Users\mcoronadogarcia\AppData\Local\Programs\MiKTeX 2.9\tex/latex/pgf/math
\pgfmath.sty"
("C:\Users\mcoronadogarcia\AppData\Local\Programs\MiKTeX 2.9\tex/generic/pgf/ma
th\pgfmath.code.tex"))
("C:\Users\mcoronadogarcia\AppData\Local\Programs\MiKTeX 2.9\tex/generic/pgf/ut
ilities\pgffor.code.tex"
Package: pgffor 2019/02/02 v3.1.1 (3.1.1)

("C:\Users\mcoronadogarcia\AppData\Local\Programs\MiKTeX 2.9\tex/generic/pgf/ma
th\pgfmath.code.tex")
\pgffor@iter=\dimen265
\pgffor@skip=\dimen266
\pgffor@stack=\toks46
\pgffor@toks=\toks47
))
("C:\Users\mcoronadogarcia\AppData\Local\Programs\MiKTeX 2.9\tex/generic/pgf/fr
ontendlayer/tikz\tikz.code.tex"
Package: tikz 2019/02/02 v3.1.1 (3.1.1)

("C:\Users\mcoronadogarcia\AppData\Local\Programs\MiKTeX 2.9\tex/generic/pgf/li
braries\pgflibraryplothandlers.code.tex"
File: pgflibraryplothandlers.code.tex 2019/02/02 v3.1.1 (3.1.1)
\pgf@plot@mark@count=\count150
\pgfplotmarksize=\dimen267
)
\tikz@lastx=\dimen268
\tikz@lasty=\dimen269
\tikz@lastxsaved=\dimen270
\tikz@lastysaved=\dimen271
\tikzleveldistance=\dimen272
\tikzsiblingdistance=\dimen273
\tikz@figbox=\box55
\tikz@figbox@bg=\box56
\tikz@tempbox=\box57
\tikz@tempbox@bg=\box58
\tikztreelevel=\count151
\tikznumberofchildren=\count152
\tikznumberofcurrentchild=\count153
\tikz@fig@count=\count154

("C:\Users\mcoronadogarcia\AppData\Local\Programs\MiKTeX 2.9\tex/generic/pgf/mo
dules\pgfmodulematrix.code.tex"
File: pgfmodulematrix.code.tex 2019/02/02 v3.1.1 (3.1.1)
\pgfmatrixcurrentrow=\count155
\pgfmatrixcurrentcolumn=\count156
\pgf@matrix@numberofcolumns=\count157
)
\tikz@expandcount=\count158

("C:\Users\mcoronadogarcia\AppData\Local\Programs\MiKTeX 2.9\tex/generic/pgf/fr
ontendlayer/tikz/libraries\tikzlibrarytopaths.code.tex"
File: tikzlibrarytopaths.code.tex 2019/02/02 v3.1.1 (3.1.1)
)))
("C:\Users\mcoronadogarcia\AppData\Local\Programs\MiKTeX 2.9\tex/generic/pgf/fr
ontendlayer/tikz/libraries\tikzlibrarycalc.code.tex"
File: tikzlibrarycalc.code.tex 2019/02/02 v3.1.1 (3.1.1)
)
("C:\Users\mcoronadogarcia\AppData\Local\Programs\MiKTeX 2.9\tex/latex/memoir\m
emhfixc.sty"
Package: memhfixc 2013/05/30 v1.17 nameref/hyperref package fixes for memoir cl
ass
No memoir class: memhfixc does nothing
)
("C:\Users\mcoronadogarcia\AppData\Local\Programs\MiKTeX 2.9\tex/latex/enumitem
\enumitem.sty"
Package: enumitem 2019/02/04 v3.8 Customized lists
\labelindent=\skip62
\enit@outerparindent=\dimen274
\enit@toks=\toks48
\enit@inbox=\box59
\enit@count@id=\count159
\enitdp@description=\count160
)
("C:\Users\mcoronadogarcia\AppData\Local\Programs\MiKTeX 2.9\tex/latex/footmisc
\footmisc.sty"
Package: footmisc 2011/06/06 v5.5b a miscellany of footnote facilities
\FN@temptoken=\toks49
\footnotemargin=\dimen275
\c@pp@next@reset=\count161
Package footmisc Info: Declaring symbol style bringhurst on input line 855.
Package footmisc Info: Declaring symbol style chicago on input line 863.
Package footmisc Info: Declaring symbol style wiley on input line 872.
Package footmisc Info: Declaring symbol style lamport-robust on input line 883.

Package footmisc Info: Declaring symbol style lamport* on input line 903.
Package footmisc Info: Declaring symbol style lamport*-robust on input line 924
.
)
("C:\Users\mcoronadogarcia\AppData\Local\Programs\MiKTeX 2.9\tex/latex/ms\ragge
d2e.sty"
Package: ragged2e 2009/05/21 v2.1 ragged2e Package (MS)

LaTeX Warning: Command \@arrayparboxrestore  has changed.
               Check if current package is valid.


("C:\Users\mcoronadogarcia\AppData\Local\Programs\MiKTeX 2.9\tex/latex/ms\every
sel.sty"
Package: everysel 2011/10/28 v1.2 EverySelectfont Package (MS)
)
\CenteringLeftskip=\skip63
\RaggedLeftLeftskip=\skip64
\RaggedRightLeftskip=\skip65
\CenteringRightskip=\skip66
\RaggedLeftRightskip=\skip67
\RaggedRightRightskip=\skip68
\CenteringParfillskip=\skip69
\RaggedLeftParfillskip=\skip70
\RaggedRightParfillskip=\skip71
\JustifyingParfillskip=\skip72
\CenteringParindent=\skip73
\RaggedLeftParindent=\skip74
\RaggedRightParindent=\skip75
\JustifyingParindent=\skip76
)
("C:\Users\mcoronadogarcia\AppData\Local\Programs\MiKTeX 2.9\tex/latex/hyphenat
\hyphenat.sty"
Package: hyphenat 2009/09/02 v2.3c hyphenation utilities
\langwohyphens=\language76
LaTeX Info: Redefining \_ on input line 43.
)
Package hyperref Info: Option `colorlinks' set `true' on input line 42.
) (simple-factsheet.aux)
\openout1 = `simple-factsheet.aux'.

LaTeX Font Info:    Checking defaults for OML/cmm/m/it on input line 90.
LaTeX Font Info:    ... okay on input line 90.
LaTeX Font Info:    Checking defaults for T1/cmr/m/n on input line 90.
LaTeX Font Info:    ... okay on input line 90.
LaTeX Font Info:    Checking defaults for OT1/cmr/m/n on input line 90.
LaTeX Font Info:    ... okay on input line 90.
LaTeX Font Info:    Checking defaults for OMS/cmsy/m/n on input line 90.
LaTeX Font Info:    ... okay on input line 90.
LaTeX Font Info:    Checking defaults for OMX/cmex/m/n on input line 90.
LaTeX Font Info:    ... okay on input line 90.
LaTeX Font Info:    Checking defaults for U/cmr/m/n on input line 90.
LaTeX Font Info:    ... okay on input line 90.
LaTeX Font Info:    Checking defaults for TS1/cmr/m/n on input line 90.
LaTeX Font Info:    Try loading font information for TS1+cmr on input line 90.

("C:\Users\mcoronadogarcia\AppData\Local\Programs\MiKTeX 2.9\tex/latex/base\ts1
cmr.fd"
File: ts1cmr.fd 2014/09/29 v2.5h Standard LaTeX font definitions
)
LaTeX Font Info:    ... okay on input line 90.
LaTeX Font Info:    Checking defaults for PD1/pdf/m/n on input line 90.
LaTeX Font Info:    ... okay on input line 90.
LaTeX Font Info:    Checking defaults for PU/pdf/m/n on input line 90.
LaTeX Font Info:    ... okay on input line 90.
LaTeX Font Info:    Try loading font information for T1+lato-TLF on input line 
90.

("C:\Users\mcoronadogarcia\AppData\Local\Programs\MiKTeX 2.9\tex/latex/lato\t1l
ato-tlf.fd"
File: T1lato-TLF.fd 2017/10/22 Font definitions for T1/lato-TLF.
)
LaTeX Font Info:    Font shape `T1/lato-TLF/m/n' will be
(Font)              scaled to size 10.95pt on input line 90.
LaTeX Info: Redefining \microtypecontext on input line 90.
Package microtype Info: Generating PDF output.
Package microtype Info: Character protrusion enabled (level 2).
Package microtype Info: Using protrusion set `basicmath'.
Package microtype Info: Automatic font expansion enabled (level 2),
(microtype)             stretch: 20, shrink: 20, step: 1, non-selected.
Package microtype Info: Using default expansion set `basictext'.
Package microtype Info: No adjustment of tracking.
Package microtype Info: No adjustment of interword spacing.
Package microtype Info: No adjustment of character kerning.
*geometry* driver: auto-detecting
*geometry* detected driver: pdftex
*geometry* verbose mode - [ preamble ] result:
* driver: pdftex
* paper: <default>
* layout: <same size as paper>
* layoutoffset:(h,v)=(0.0pt,0.0pt)
* modes: 
* h-part:(L,W,R)=(72.26999pt, 469.75502pt, 72.26999pt)
* v-part:(T,H,B)=(25.29494pt, 726.31262pt, 43.36243pt)
* \paperwidth=614.295pt
* \paperheight=794.96999pt
* \textwidth=469.75502pt
* \textheight=726.31262pt
* \oddsidemargin=0.0pt
* \evensidemargin=0.0pt
* \topmargin=-83.97505pt
* \headheight=12.0pt
* \headsep=25.0pt
* \topskip=11.0pt
* \footskip=30.0pt
* \marginparwidth=59.0pt
* \marginparsep=10.0pt
* \columnsep=10.0pt
* \skip\footins=10.0pt plus 4.0pt minus 2.0pt
* \hoffset=0.0pt
* \voffset=0.0pt
* \mag=1000
* \@twocolumnfalse
* \@twosidefalse
* \@mparswitchfalse
* \@reversemarginfalse
* (1in=72.27pt=25.4mm, 1cm=28.453pt)

\AtBeginShipoutBox=\box60
Package hyperref Info: Link coloring ON on input line 90.

("C:\Users\mcoronadogarcia\AppData\Local\Programs\MiKTeX 2.9\tex/latex/hyperref
\nameref.sty"
Package: nameref 2016/05/21 v2.44 Cross-referencing by name of section

("C:\Users\mcoronadogarcia\AppData\Local\Programs\MiKTeX 2.9\tex/generic/oberdi
ek\gettitlestring.sty"
Package: gettitlestring 2016/05/16 v1.5 Cleanup title references (HO)
)
\c@section@level=\count162
)
LaTeX Info: Redefining \ref on input line 90.
LaTeX Info: Redefining \pageref on input line 90.
LaTeX Info: Redefining \nameref on input line 90.
(simple-factsheet.out) (simple-factsheet.out)
\@outlinefile=\write4
\openout4 = `simple-factsheet.out'.


("C:\Users\mcoronadogarcia\AppData\Local\Programs\MiKTeX 2.9\tex/context/base/m
kii\supp-pdf.mkii"
[Loading MPS to PDF converter (version 2006.09.02).]
\scratchcounter=\count163
\scratchdimen=\dimen276
\scratchbox=\box61
\nofMPsegments=\count164
\nofMParguments=\count165
\everyMPshowfont=\toks50
\MPscratchCnt=\count166
\MPscratchDim=\dimen277
\MPnumerator=\count167
\makeMPintoPDFobject=\count168
\everyMPtoPDFconversion=\toks51
)
("C:\Users\mcoronadogarcia\AppData\Local\Programs\MiKTeX 2.9\tex/latex/oberdiek
\epstopdf-base.sty"
Package: epstopdf-base 2016/05/15 v2.6 Base part for package epstopdf

("C:\Users\mcoronadogarcia\AppData\Local\Programs\MiKTeX 2.9\tex/latex/oberdiek
\grfext.sty"
Package: grfext 2016/05/16 v1.2 Manage graphics extensions (HO)
)
Package epstopdf-base Info: Redefining graphics rule for `.eps' on input line 4
38.
Package grfext Info: Graphics extension search list:
(grfext)             [.pdf,.png,.jpg,.mps,.jpeg,.jbig2,.jb2,.PDF,.PNG,.JPG,.JPE
G,.JBIG2,.JB2,.eps]
(grfext)             \AppendGraphicsExtensions on input line 456.
)
\c@mv@tabular=\count169
\c@mv@boldtabular=\count170
ABD: EveryShipout initializing macros
Package ragged2e Info: ABD: executing \RaggedRight on input line 90.
ABD: EverySelectfont initializing macros
LaTeX Info: Redefining \selectfont on input line 90.
LaTeX Font Info:    Font shape `T1/lato-TLF/bx/n' in size <10.95> not available

(Font)              Font shape `T1/lato-TLF/b/n' tried instead on input line 94
.
LaTeX Font Info:    Font shape `T1/lato-TLF/b/n' will be
(Font)              scaled to size 10.95pt on input line 94.
LaTeX Font Info:    Font shape `T1/lato-TLF/bx/n' in size <24.88> not available

(Font)              Font shape `T1/lato-TLF/b/n' tried instead on input line 94
.
LaTeX Font Info:    Font shape `T1/lato-TLF/b/n' will be
(Font)              scaled to size 24.88pt on input line 94.
LaTeX Font Info:    Font shape `T1/lato-TLF/eb/n' will be
(Font)              scaled to size 10.95pt on input line 96.
LaTeX Font Info:    Font shape `T1/lato-TLF/eb/n' will be
(Font)              scaled to size 17.28pt on input line 96.
LaTeX Font Info:    Font shape `T1/lato-TLF/eb/n' will be
(Font)              scaled to size 6.0pt on input line 114.
LaTeX Font Info:    Font shape `T1/lato-TLF/bx/n' in size <9> not available
(Font)              Font shape `T1/lato-TLF/b/n' tried instead on input line 11
8.
LaTeX Font Info:    Font shape `T1/lato-TLF/b/n' will be
(Font)              scaled to size 9.0pt on input line 118.
LaTeX Font Info:    Try loading font information for OT1+lmr on input line 121.


("C:\Users\mcoronadogarcia\AppData\Local\Programs\MiKTeX 2.9\tex/latex/lm\ot1lm
r.fd"
File: ot1lmr.fd 2009/10/30 v1.6 Font defs for Latin Modern
)
("C:\Users\mcoronadogarcia\AppData\Local\Programs\MiKTeX 2.9\tex/latex/microtyp
e\mt-cmr.cfg"
File: mt-cmr.cfg 2013/05/19 v2.2 microtype config. file: Computer Modern Roman 
(RS)
)
LaTeX Font Info:    Try loading font information for OML+lmm on input line 121.


("C:\Users\mcoronadogarcia\AppData\Local\Programs\MiKTeX 2.9\tex/latex/lm\omllm
m.fd"
File: omllmm.fd 2009/10/30 v1.6 Font defs for Latin Modern
)
LaTeX Font Info:    Try loading font information for OMS+lmsy on input line 121
.

("C:\Users\mcoronadogarcia\AppData\Local\Programs\MiKTeX 2.9\tex/latex/lm\omslm
sy.fd"
File: omslmsy.fd 2009/10/30 v1.6 Font defs for Latin Modern
)
LaTeX Font Info:    Try loading font information for OMX+lmex on input line 121
.

("C:\Users\mcoronadogarcia\AppData\Local\Programs\MiKTeX 2.9\tex/latex/lm\omxlm
ex.fd"
File: omxlmex.fd 2009/10/30 v1.6 Font defs for Latin Modern
)
LaTeX Font Info:    External font `lmex10' loaded for size
(Font)              <10.95> on input line 121.
LaTeX Font Info:    External font `lmex10' loaded for size
(Font)              <8> on input line 121.
LaTeX Font Info:    External font `lmex10' loaded for size
(Font)              <6> on input line 121.
LaTeX Font Info:    Try loading font information for U+msa on input line 121.

("C:\Users\mcoronadogarcia\AppData\Local\Programs\MiKTeX 2.9\tex/latex/amsfonts
\umsa.fd"
File: umsa.fd 2013/01/14 v3.01 AMS symbols A
)
("C:\Users\mcoronadogarcia\AppData\Local\Programs\MiKTeX 2.9\tex/latex/microtyp
e\mt-msa.cfg"
File: mt-msa.cfg 2006/02/04 v1.1 microtype config. file: AMS symbols (a) (RS)
)
LaTeX Font Info:    Try loading font information for U+msb on input line 121.

("C:\Users\mcoronadogarcia\AppData\Local\Programs\MiKTeX 2.9\tex/latex/amsfonts
\umsb.fd"
File: umsb.fd 2013/01/14 v3.01 AMS symbols B
)
("C:\Users\mcoronadogarcia\AppData\Local\Programs\MiKTeX 2.9\tex/latex/microtyp
e\mt-msb.cfg"
File: mt-msb.cfg 2005/06/01 v1.0 microtype config. file: AMS symbols (b) (RS)
)
LaTeX Font Info:    Font shape `T1/lato-TLF/m/n' will be
(Font)              scaled to size 8.0pt on input line 121.
LaTeX Font Info:    Font shape `T1/lato-TLF/m/n' will be
(Font)              scaled to size 9.0pt on input line 121.
LaTeX Font Info:    External font `lmex10' loaded for size
(Font)              <9> on input line 121.
LaTeX Font Info:    External font `lmex10' loaded for size
(Font)              <5> on input line 121.
LaTeX Font Info:    Font shape `T1/lato-TLF/m/n' will be
(Font)              scaled to size 6.0pt on input line 121.
[1

{C:/Users/mcoronadogarcia/AppData/Local/MiKTeX/2.9/pdftex/config/pdftex.map}]
*geometry* verbose mode - [ newgeometry ] result:
* driver: pdftex
* paper: <default>
* layout: <same size as paper>
* layoutoffset:(h,v)=(0.0pt,0.0pt)
* modes: 
* h-part:(L,W,R)=(72.26999pt, 469.75502pt, 72.26999pt)
* v-part:(T,H,B)=(72.26999pt, 614.295pt, 108.405pt)
* \paperwidth=614.295pt
* \paperheight=794.96999pt
* \textwidth=469.75502pt
* \textheight=614.295pt
* \oddsidemargin=0.0pt
* \evensidemargin=0.0pt
* \topmargin=-37.0pt
* \headheight=12.0pt
* \headsep=25.0pt
* \topskip=11.0pt
* \footskip=30.0pt
* \marginparwidth=59.0pt
* \marginparsep=10.0pt
* \columnsep=10.0pt
* \skip\footins=10.0pt plus 4.0pt minus 2.0pt
* \hoffset=0.0pt
* \voffset=0.0pt
* \mag=1000
* \@twocolumnfalse
* \@twosidefalse
* \@mparswitchfalse
* \@reversemarginfalse
* (1in=72.27pt=25.4mm, 1cm=28.453pt)

LaTeX Font Info:    Font shape `T1/lato-TLF/eb/n' will be
(Font)              scaled to size 10.0pt on input line 153.
LaTeX Font Info:    Try loading font information for TS1+lato-TLF on input line
 153.

("C:\Users\mcoronadogarcia\AppData\Local\Programs\MiKTeX 2.9\tex/latex/lato\ts1
lato-tlf.fd"
File: TS1lato-TLF.fd 2017/10/22 Font definitions for TS1/lato-TLF.
)
LaTeX Font Info:    Font shape `TS1/lato-TLF/eb/n' will be
(Font)              scaled to size 10.0pt on input line 153.
pdfTeX warning (ext4): destination with the same identifier (name{page.}) has b
een already used, duplicate ignored
<to be read again> 
                   \relax 
l.156 \end{document}
                     [2

]
Package atveryend Info: Empty hook `BeforeClearDocument' on input line 156.
Package atveryend Info: Empty hook `AfterLastShipout' on input line 156.
(simple-factsheet.aux)
Package atveryend Info: Executing hook `AtVeryEndDocument' on input line 156.
Package atveryend Info: Executing hook `AtEndAfterFileList' on input line 156.
Package rerunfilecheck Info: File `simple-factsheet.out' has not changed.
(rerunfilecheck)             Checksum: D41D8CD98F00B204E9800998ECF8427E;0.
Package atveryend Info: Empty hook `AtVeryVeryEnd' on input line 156.
 ) 
Here is how much of TeX's memory you used:
 25607 strings out of 492945
 458557 string characters out of 3121812
 532611 words of memory out of 3000000
 28984 multiletter control sequences out of 15000+200000
 266668 words of font info for 69 fonts, out of 3000000 for 9000
 1141 hyphenation exceptions out of 8191
 57i,7n,48p,981b,685s stack positions out of 5000i,500n,10000p,200000b,50000s
pdfTeX warning (dest): name{Hfootnote.2} has been referenced but does not exi
st, replaced by a fixed one

pdfTeX warning (dest): name{Hfootnote.1} has been referenced but does not exist
, replaced by a fixed one

{C:/Users/mcoronadogarcia/AppData/Local/Programs/MiKTeX 2.9/fonts/enc/dvips/lat
o/a_2crngg.enc}{C:/Users/mcoronadogarcia/AppData/Local/Programs/MiKTeX 2.9/font
s/enc/dvips/lato/a_w6akef.enc}<C:/Users/mcoronadogarcia/AppData/Local/Programs/
MiKTeX 2.9/fonts/type1/public/lato/Lato-Bold.pfb><C:/Users/mcoronadogarcia/AppD
ata/Local/Programs/MiKTeX 2.9/fonts/type1/public/lato/Lato-Heavy.pfb><C:/Users/
mcoronadogarcia/AppData/Local/Programs/MiKTeX 2.9/fonts/type1/public/lato/Lato-
Regular.pfb><C:/Users/mcoronadogarcia/AppData/Local/Programs/MiKTeX 2.9/fonts/t
ype1/public/amsfonts/symbols/msam10.pfb><C:/Users/mcoronadogarcia/AppData/Local
/Programs/MiKTeX 2.9/fonts/type1/public/amsfonts/symbols/msam7.pfb>
Output written on simple-factsheet.pdf (2 pages, 107320 bytes).
PDF statistics:
 51 PDF objects out of 1000 (max. 8388607)
 7 named destinations out of 1000 (max. 500000)
 4109 words of extra memory for PDF output out of 10000 (max. 10000000)

